<?xml version="1.0" encoding="UTF-8"?>
<testsuite xmlns:xsi="http://www.w3.org/2001/XMLSchema-instance" xsi:noNamespaceSchemaLocation="https://maven.apache.org/surefire/maven-surefire-plugin/xsd/surefire-test-report.xsd" name="org.vimtest.TestApp" time="0.058" tests="5" errors="0" skipped="0" failures="0">
  <properties>
[...]
</properties>
  <testcase name="test_void" classname="org.vimtest.TestApp" time="0.016"/>
  <testcase name="test_public_void" classname="org.vimtest.TestApp" time="0.001"/>
  <testcase name="test_testdecorator_public_void" classname="org.vimtest.TestApp" time="0.002"/>
  <testcase name="test_testdecorator_void" classname="org.vimtest.TestApp" time="0.001"/>
  <testcase name="test_nested_test" classname="org.vimtest.TestApp$Test_NestedTestClass" time="0.002"/>
</testsuite>